{
  "/Users/oleksiydzhos/Documents/personal/test-helper/components/TestCaseItem.tsx": {
    "path": "/Users/oleksiydzhos/Documents/personal/test-helper/components/TestCaseItem.tsx",
    "statementMap": {
      "0": {
        "start": { "line": 8, "column": 57 },
        "end": { "line": 16, "column": 1 }
      },
      "1": {
        "start": { "line": 9, "column": 2 },
        "end": { "line": 14, "column": null }
      },
      "2": {
        "start": { "line": 8, "column": 13 },
        "end": { "line": 8, "column": 57 }
      }
    },
    "fnMap": {
      "0": {
        "name": "(anonymous_0)",
        "decl": {
          "start": { "line": 8, "column": 57 },
          "end": { "line": 8, "column": 58 }
        },
        "loc": {
          "start": { "line": 8, "column": 74 },
          "end": { "line": 16, "column": 1 }
        }
      }
    },
    "branchMap": {},
    "s": { "0": 1, "1": 1, "2": 1 },
    "f": { "0": 1 },
    "b": {}
  },
  "/Users/oleksiydzhos/Documents/personal/test-helper/components/Toast.tsx": {
    "path": "/Users/oleksiydzhos/Documents/personal/test-helper/components/Toast.tsx",
    "statementMap": {
      "0": {
        "start": { "line": 10, "column": 18 },
        "end": { "line": 10, "column": 103 }
      },
      "1": {
        "start": { "line": 12, "column": 2 },
        "end": { "line": 18, "column": null }
      },
      "2": {
        "start": { "line": 9, "column": 0 },
        "end": { "line": 9, "column": 16 }
      }
    },
    "fnMap": {
      "0": {
        "name": "Toast",
        "decl": {
          "start": { "line": 9, "column": 16 },
          "end": { "line": 9, "column": 21 }
        },
        "loc": {
          "start": { "line": 9, "column": 60 },
          "end": { "line": 20, "column": null }
        }
      }
    },
    "branchMap": {
      "0": {
        "loc": {
          "start": { "line": 10, "column": 18 },
          "end": { "line": 10, "column": 103 }
        },
        "type": "cond-expr",
        "locations": [
          {
            "start": { "line": 10, "column": 39 },
            "end": { "line": 10, "column": 53 }
          },
          {
            "start": { "line": 10, "column": 56 },
            "end": { "line": 10, "column": 103 }
          }
        ]
      },
      "1": {
        "loc": {
          "start": { "line": 10, "column": 56 },
          "end": { "line": 10, "column": 103 }
        },
        "type": "cond-expr",
        "locations": [
          {
            "start": { "line": 10, "column": 75 },
            "end": { "line": 10, "column": 87 }
          },
          {
            "start": { "line": 10, "column": 90 },
            "end": { "line": 10, "column": 103 }
          }
        ]
      }
    },
    "s": { "0": 2, "1": 2, "2": 1 },
    "f": { "0": 2 },
    "b": { "0": [1, 1], "1": [1, 0] }
  },
  "/Users/oleksiydzhos/Documents/personal/test-helper/constants/errorMessages.ts": {
    "path": "/Users/oleksiydzhos/Documents/personal/test-helper/constants/errorMessages.ts",
    "statementMap": {
      "0": {
        "start": { "line": 1, "column": 13 },
        "end": { "line": 12, "column": null }
      }
    },
    "fnMap": {},
    "branchMap": {},
    "s": { "0": 1 },
    "f": {},
    "b": {}
  },
  "/Users/oleksiydzhos/Documents/personal/test-helper/hooks/useApi.ts": {
    "path": "/Users/oleksiydzhos/Documents/personal/test-helper/hooks/useApi.ts",
    "statementMap": {
      "0": {
        "start": { "line": 1, "column": 0 },
        "end": { "line": 1, "column": null }
      },
      "1": {
        "start": { "line": 8, "column": 26 },
        "end": { "line": 8, "column": 45 }
      },
      "2": {
        "start": { "line": 9, "column": 28 },
        "end": { "line": 9, "column": 57 }
      },
      "3": {
        "start": { "line": 10, "column": 36 },
        "end": { "line": 10, "column": 60 }
      },
      "4": {
        "start": { "line": 12, "column": 18 },
        "end": { "line": 30, "column": null }
      },
      "5": {
        "start": { "line": 12, "column": 67 },
        "end": { "line": 30, "column": null }
      },
      "6": {
        "start": { "line": 13, "column": 4 },
        "end": { "line": 13, "column": null }
      },
      "7": {
        "start": { "line": 14, "column": 4 },
        "end": { "line": 14, "column": null }
      },
      "8": {
        "start": { "line": 17, "column": 23 },
        "end": { "line": 17, "column": 48 }
      },
      "9": {
        "start": { "line": 19, "column": 8 },
        "end": { "line": 19, "column": null }
      },
      "10": {
        "start": { "line": 21, "column": 21 },
        "end": { "line": 21, "column": 42 }
      },
      "11": {
        "start": { "line": 22, "column": 6 },
        "end": { "line": 22, "column": null }
      },
      "12": {
        "start": { "line": 23, "column": 6 },
        "end": { "line": 23, "column": null }
      },
      "13": {
        "start": { "line": 25, "column": 6 },
        "end": { "line": 25, "column": null }
      },
      "14": {
        "start": { "line": 26, "column": 6 },
        "end": { "line": 26, "column": null }
      },
      "15": {
        "start": { "line": 28, "column": 6 },
        "end": { "line": 28, "column": null }
      },
      "16": {
        "start": { "line": 32, "column": 15 },
        "end": { "line": 32, "column": 43 }
      },
      "17": {
        "start": { "line": 32, "column": 31 },
        "end": { "line": 32, "column": 43 }
      },
      "18": {
        "start": { "line": 34, "column": 2 },
        "end": { "line": 34, "column": null }
      },
      "19": {
        "start": { "line": 7, "column": 0 },
        "end": { "line": 7, "column": 16 }
      }
    },
    "fnMap": {
      "0": {
        "name": "useApi",
        "decl": {
          "start": { "line": 7, "column": 16 },
          "end": { "line": 7, "column": 22 }
        },
        "loc": {
          "start": { "line": 7, "column": 22 },
          "end": { "line": 35, "column": null }
        }
      },
      "1": {
        "name": "(anonymous_8)",
        "decl": {
          "start": { "line": 12, "column": 18 },
          "end": { "line": 12, "column": 25 }
        },
        "loc": {
          "start": { "line": 12, "column": 67 },
          "end": { "line": 30, "column": null }
        }
      },
      "2": {
        "name": "(anonymous_9)",
        "decl": {
          "start": { "line": 12, "column": 67 },
          "end": { "line": 12, "column": null }
        },
        "loc": {
          "start": { "line": 12, "column": 67 },
          "end": { "line": 30, "column": 3 }
        }
      },
      "3": {
        "name": "(anonymous_10)",
        "decl": {
          "start": { "line": 32, "column": 15 },
          "end": { "line": 32, "column": 26 }
        },
        "loc": {
          "start": { "line": 32, "column": 31 },
          "end": { "line": 32, "column": 43 }
        }
      }
    },
    "branchMap": {
      "0": {
        "loc": {
          "start": { "line": 12, "column": 38 },
          "end": { "line": 12, "column": 63 }
        },
        "type": "default-arg",
        "locations": [
          {
            "start": { "line": 12, "column": 61 },
            "end": { "line": 12, "column": 63 }
          }
        ]
      },
      "1": {
        "loc": {
          "start": { "line": 25, "column": 15 },
          "end": { "line": 25, "column": 78 }
        },
        "type": "cond-expr",
        "locations": [
          {
            "start": { "line": 25, "column": 36 },
            "end": { "line": 25, "column": 45 }
          },
          {
            "start": { "line": 25, "column": 48 },
            "end": { "line": 25, "column": 78 }
          }
        ]
      }
    },
    "s": {
      "0": 1,
      "1": 4,
      "2": 4,
      "3": 4,
      "4": 4,
      "5": 2,
      "6": 2,
      "7": 2,
      "8": 2,
      "9": 0,
      "10": 1,
      "11": 1,
      "12": 1,
      "13": 1,
      "14": 1,
      "15": 2,
      "16": 4,
      "17": 2,
      "18": 4,
      "19": 1
    },
    "f": { "0": 4, "1": 2, "2": 2, "3": 2 },
    "b": { "0": [2], "1": [1, 0] }
  },
  "/Users/oleksiydzhos/Documents/personal/test-helper/hooks/useErrorHandler.ts": {
    "path": "/Users/oleksiydzhos/Documents/personal/test-helper/hooks/useErrorHandler.ts",
    "statementMap": {
      "0": {
        "start": { "line": 1, "column": 0 },
        "end": { "line": 1, "column": null }
      },
      "1": {
        "start": { "line": 3, "column": 31 },
        "end": { "line": 20, "column": 1 }
      },
      "2": {
        "start": { "line": 4, "column": 16 },
        "end": { "line": 4, "column": 26 }
      },
      "3": {
        "start": { "line": 6, "column": 22 },
        "end": { "line": 17, "column": 3 }
      },
      "4": {
        "start": { "line": 7, "column": 25 },
        "end": { "line": 7, "column": 69 }
      },
      "5": {
        "start": { "line": 8, "column": 24 },
        "end": { "line": 8, "column": 78 }
      },
      "6": {
        "start": { "line": 10, "column": 4 },
        "end": { "line": 16, "column": null }
      },
      "7": {
        "start": { "line": 19, "column": 2 },
        "end": { "line": 19, "column": null }
      },
      "8": {
        "start": { "line": 3, "column": 13 },
        "end": { "line": 3, "column": 31 }
      }
    },
    "fnMap": {
      "0": {
        "name": "(anonymous_0)",
        "decl": {
          "start": { "line": 3, "column": 31 },
          "end": { "line": 3, "column": 36 }
        },
        "loc": {
          "start": { "line": 3, "column": 36 },
          "end": { "line": 20, "column": 1 }
        }
      },
      "1": {
        "name": "(anonymous_1)",
        "decl": {
          "start": { "line": 6, "column": 22 },
          "end": { "line": 6, "column": 23 }
        },
        "loc": {
          "start": { "line": 6, "column": 57 },
          "end": { "line": 17, "column": 3 }
        }
      }
    },
    "branchMap": {
      "0": {
        "loc": {
          "start": { "line": 7, "column": 25 },
          "end": { "line": 7, "column": 69 }
        },
        "type": "binary-expr",
        "locations": [
          {
            "start": { "line": 7, "column": 25 },
            "end": { "line": 7, "column": 38 }
          },
          {
            "start": { "line": 7, "column": 42 },
            "end": { "line": 7, "column": 69 }
          }
        ]
      },
      "1": {
        "loc": {
          "start": { "line": 8, "column": 24 },
          "end": { "line": 8, "column": 78 }
        },
        "type": "cond-expr",
        "locations": [
          {
            "start": { "line": 8, "column": 34 },
            "end": { "line": 8, "column": 63 }
          },
          {
            "start": { "line": 8, "column": 66 },
            "end": { "line": 8, "column": 78 }
          }
        ]
      }
    },
    "s": {
      "0": 1,
      "1": 1,
      "2": 2,
      "3": 2,
      "4": 2,
      "5": 2,
      "6": 2,
      "7": 2,
      "8": 1
    },
    "f": { "0": 2, "1": 2 },
    "b": { "0": [2, 1], "1": [0, 2] }
  },
  "/Users/oleksiydzhos/Documents/personal/test-helper/hooks/useErrorToast.ts": {
    "path": "/Users/oleksiydzhos/Documents/personal/test-helper/hooks/useErrorToast.ts",
    "statementMap": {
      "0": {
        "start": { "line": 1, "column": 0 },
        "end": { "line": 1, "column": null }
      },
      "1": {
        "start": { "line": 12, "column": 28 },
        "end": { "line": 12, "column": 57 }
      },
      "2": {
        "start": { "line": 13, "column": 28 },
        "end": { "line": 13, "column": 61 }
      },
      "3": {
        "start": { "line": 15, "column": 22 },
        "end": { "line": 23, "column": 8 }
      },
      "4": {
        "start": { "line": 17, "column": 6 },
        "end": { "line": 17, "column": null }
      },
      "5": {
        "start": { "line": 19, "column": 6 },
        "end": { "line": 19, "column": null }
      },
      "6": {
        "start": { "line": 21, "column": 6 },
        "end": { "line": 21, "column": null }
      },
      "7": {
        "start": { "line": 25, "column": 20 },
        "end": { "line": 27, "column": 8 }
      },
      "8": {
        "start": { "line": 26, "column": 4 },
        "end": { "line": 26, "column": null }
      },
      "9": {
        "start": { "line": 29, "column": 21 },
        "end": { "line": 29, "column": 58 }
      },
      "10": {
        "start": { "line": 29, "column": 39 },
        "end": { "line": 29, "column": 53 }
      },
      "11": {
        "start": { "line": 30, "column": 21 },
        "end": { "line": 30, "column": 58 }
      },
      "12": {
        "start": { "line": 30, "column": 39 },
        "end": { "line": 30, "column": 53 }
      },
      "13": {
        "start": { "line": 32, "column": 2 },
        "end": { "line": 39, "column": null }
      },
      "14": {
        "start": { "line": 11, "column": 0 },
        "end": { "line": 11, "column": 16 }
      },
      "15": {
        "start": { "line": 44, "column": 25 },
        "end": { "line": 44, "column": 103 }
      },
      "16": {
        "start": { "line": 45, "column": 25 },
        "end": { "line": 45, "column": 105 }
      },
      "17": {
        "start": { "line": 47, "column": 2 },
        "end": { "line": 47, "column": null }
      },
      "18": {
        "start": { "line": 43, "column": 0 },
        "end": { "line": 43, "column": 16 }
      }
    },
    "fnMap": {
      "0": {
        "name": "useErrorToast",
        "decl": {
          "start": { "line": 11, "column": 16 },
          "end": { "line": 11, "column": 29 }
        },
        "loc": {
          "start": { "line": 11, "column": 29 },
          "end": { "line": 40, "column": null }
        }
      },
      "1": {
        "name": "(anonymous_1)",
        "decl": {
          "start": { "line": 15, "column": 35 },
          "end": { "line": 15, "column": 49 }
        },
        "loc": {
          "start": { "line": 15, "column": 53 },
          "end": { "line": 23, "column": 3 }
        }
      },
      "2": {
        "name": "(anonymous_2)",
        "decl": {
          "start": { "line": 25, "column": 32 },
          "end": { "line": 25, "column": 33 }
        },
        "loc": {
          "start": { "line": 25, "column": 78 },
          "end": { "line": 27, "column": 3 }
        }
      },
      "3": {
        "name": "(anonymous_3)",
        "decl": {
          "start": { "line": 29, "column": 33 },
          "end": { "line": 29, "column": 39 }
        },
        "loc": {
          "start": { "line": 29, "column": 39 },
          "end": { "line": 29, "column": 53 }
        }
      },
      "4": {
        "name": "(anonymous_4)",
        "decl": {
          "start": { "line": 30, "column": 33 },
          "end": { "line": 30, "column": 39 }
        },
        "loc": {
          "start": { "line": 30, "column": 39 },
          "end": { "line": 30, "column": 53 }
        }
      },
      "5": {
        "name": "createToastComponents",
        "decl": {
          "start": { "line": 43, "column": 16 },
          "end": { "line": 43, "column": 37 }
        },
        "loc": {
          "start": { "line": 43, "column": 132 },
          "end": { "line": 48, "column": null }
        }
      }
    },
    "branchMap": {
      "0": {
        "loc": {
          "start": { "line": 25, "column": 50 },
          "end": { "line": 25, "column": 74 }
        },
        "type": "default-arg",
        "locations": [
          {
            "start": { "line": 25, "column": 68 },
            "end": { "line": 25, "column": 74 }
          }
        ]
      },
      "1": {
        "loc": {
          "start": { "line": 44, "column": 25 },
          "end": { "line": 44, "column": 103 }
        },
        "type": "cond-expr",
        "locations": [
          {
            "start": { "line": 44, "column": 33 },
            "end": { "line": 44, "column": 96 }
          },
          {
            "start": { "line": 44, "column": 99 },
            "end": { "line": 44, "column": 103 }
          }
        ]
      },
      "2": {
        "loc": {
          "start": { "line": 45, "column": 25 },
          "end": { "line": 45, "column": 105 }
        },
        "type": "cond-expr",
        "locations": [
          {
            "start": { "line": 45, "column": 33 },
            "end": { "line": 45, "column": 98 }
          },
          {
            "start": { "line": 45, "column": 101 },
            "end": { "line": 45, "column": 105 }
          }
        ]
      }
    },
    "s": {
      "0": 1,
      "1": 4,
      "2": 4,
      "3": 4,
      "4": 0,
      "5": 1,
      "6": 0,
      "7": 4,
      "8": 1,
      "9": 4,
      "10": 0,
      "11": 4,
      "12": 0,
      "13": 4,
      "14": 1,
      "15": 0,
      "16": 0,
      "17": 0,
      "18": 1
    },
    "f": { "0": 4, "1": 1, "2": 1, "3": 0, "4": 0, "5": 0 },
    "b": { "0": [0], "1": [0, 0], "2": [0, 0] }
  },
  "/Users/oleksiydzhos/Documents/personal/test-helper/hooks/useLogger.ts": {
    "path": "/Users/oleksiydzhos/Documents/personal/test-helper/hooks/useLogger.ts",
    "statementMap": {
      "0": {
        "start": { "line": 1, "column": 0 },
        "end": { "line": 1, "column": null }
      },
      "1": {
        "start": { "line": 4, "column": 2 },
        "end": { "line": 7, "column": null }
      },
      "2": {
        "start": { "line": 5, "column": 34 },
        "end": { "line": 5, "column": 65 }
      },
      "3": {
        "start": { "line": 6, "column": 35 },
        "end": { "line": 6, "column": null }
      },
      "4": {
        "start": { "line": 3, "column": 0 },
        "end": { "line": 3, "column": 16 }
      }
    },
    "fnMap": {
      "0": {
        "name": "useLogger",
        "decl": {
          "start": { "line": 3, "column": 16 },
          "end": { "line": 3, "column": 25 }
        },
        "loc": {
          "start": { "line": 3, "column": 47 },
          "end": { "line": 8, "column": null }
        }
      },
      "1": {
        "name": "(anonymous_1)",
        "decl": {
          "start": { "line": 5, "column": 14 },
          "end": { "line": 5, "column": 29 }
        },
        "loc": {
          "start": { "line": 5, "column": 34 },
          "end": { "line": 5, "column": 65 }
        }
      },
      "2": {
        "name": "(anonymous_2)",
        "decl": {
          "start": { "line": 6, "column": 15 },
          "end": { "line": 6, "column": 30 }
        },
        "loc": {
          "start": { "line": 6, "column": 35 },
          "end": { "line": 6, "column": null }
        }
      }
    },
    "branchMap": {},
    "s": { "0": 1, "1": 1, "2": 0, "3": 0, "4": 1 },
    "f": { "0": 1, "1": 0, "2": 0 },
    "b": {}
  },
  "/Users/oleksiydzhos/Documents/personal/test-helper/hooks/usePerformanceMonitor.ts": {
    "path": "/Users/oleksiydzhos/Documents/personal/test-helper/hooks/usePerformanceMonitor.ts",
    "statementMap": {
      "0": {
        "start": { "line": 1, "column": 0 },
        "end": { "line": 1, "column": null }
      },
      "1": {
        "start": { "line": 3, "column": 38 },
        "end": { "line": 10, "column": 1 }
      },
      "2": {
        "start": { "line": 4, "column": 20 },
        "end": { "line": 4, "column": 45 }
      },
      "3": {
        "start": { "line": 6, "column": 2 },
        "end": { "line": 9, "column": null }
      },
      "4": {
        "start": { "line": 7, "column": 20 },
        "end": { "line": 7, "column": 37 }
      },
      "5": {
        "start": { "line": 8, "column": 4 },
        "end": { "line": 8, "column": null }
      },
      "6": {
        "start": { "line": 3, "column": 13 },
        "end": { "line": 3, "column": 38 }
      }
    },
    "fnMap": {
      "0": {
        "name": "(anonymous_0)",
        "decl": {
          "start": { "line": 3, "column": 38 },
          "end": { "line": 3, "column": 59 }
        },
        "loc": {
          "start": { "line": 3, "column": 63 },
          "end": { "line": 10, "column": 1 }
        }
      },
      "1": {
        "name": "(anonymous_1)",
        "decl": {
          "start": { "line": 6, "column": 12 },
          "end": { "line": 6, "column": 17 }
        },
        "loc": {
          "start": { "line": 6, "column": 17 },
          "end": { "line": 9, "column": 3 }
        }
      }
    },
    "branchMap": {},
    "s": { "0": 1, "1": 1, "2": 1, "3": 1, "4": 1, "5": 1, "6": 1 },
    "f": { "0": 1, "1": 1 },
    "b": {}
  },
  "/Users/oleksiydzhos/Documents/personal/test-helper/hooks/useProject.ts": {
    "path": "/Users/oleksiydzhos/Documents/personal/test-helper/hooks/useProject.ts",
    "statementMap": {
      "0": {
        "start": { "line": 1, "column": 0 },
        "end": { "line": 1, "column": 45 }
      },
      "1": {
        "start": { "line": 2, "column": 0 },
        "end": { "line": 2, "column": null }
      },
      "2": {
        "start": { "line": 5, "column": 27 },
        "end": { "line": 13, "column": 1 }
      },
      "3": {
        "start": { "line": 6, "column": 2 },
        "end": { "line": 12, "column": null }
      },
      "4": {
        "start": { "line": 8, "column": 10 },
        "end": { "line": 8, "column": 51 }
      },
      "5": {
        "start": { "line": 5, "column": 13 },
        "end": { "line": 5, "column": 27 }
      }
    },
    "fnMap": {
      "0": {
        "name": "(anonymous_0)",
        "decl": {
          "start": { "line": 5, "column": 27 },
          "end": { "line": 5, "column": 56 }
        },
        "loc": {
          "start": { "line": 5, "column": 60 },
          "end": { "line": 13, "column": 1 }
        }
      },
      "1": {
        "name": "(anonymous_1)",
        "decl": {
          "start": { "line": 8, "column": 4 },
          "end": { "line": 8, "column": 10 }
        },
        "loc": {
          "start": { "line": 8, "column": 10 },
          "end": { "line": 8, "column": 51 }
        }
      }
    },
    "branchMap": {},
    "s": { "0": 1, "1": 1, "2": 1, "3": 8, "4": 0, "5": 1 },
    "f": { "0": 8, "1": 0 },
    "b": {}
  },
  "/Users/oleksiydzhos/Documents/personal/test-helper/hooks/useTestSuites.ts": {
    "path": "/Users/oleksiydzhos/Documents/personal/test-helper/hooks/useTestSuites.ts",
    "statementMap": {
      "0": {
        "start": { "line": 1, "column": 0 },
        "end": { "line": 1, "column": null }
      },
      "1": {
        "start": { "line": 2, "column": 0 },
        "end": { "line": 2, "column": null }
      },
      "2": {
        "start": { "line": 5, "column": 30 },
        "end": { "line": 13, "column": 1 }
      },
      "3": {
        "start": { "line": 6, "column": 2 },
        "end": { "line": 12, "column": null }
      },
      "4": {
        "start": { "line": 8, "column": 10 },
        "end": { "line": 8, "column": 54 }
      },
      "5": {
        "start": { "line": 5, "column": 13 },
        "end": { "line": 5, "column": 30 }
      }
    },
    "fnMap": {
      "0": {
        "name": "(anonymous_0)",
        "decl": {
          "start": { "line": 5, "column": 30 },
          "end": { "line": 5, "column": 59 }
        },
        "loc": {
          "start": { "line": 5, "column": 63 },
          "end": { "line": 13, "column": 1 }
        }
      },
      "1": {
        "name": "(anonymous_1)",
        "decl": {
          "start": { "line": 8, "column": 4 },
          "end": { "line": 8, "column": 10 }
        },
        "loc": {
          "start": { "line": 8, "column": 10 },
          "end": { "line": 8, "column": 54 }
        }
      }
    },
    "branchMap": {},
    "s": { "0": 1, "1": 1, "2": 1, "3": 8, "4": 0, "5": 1 },
    "f": { "0": 8, "1": 0 },
    "b": {}
  },
  "/Users/oleksiydzhos/Documents/personal/test-helper/lib/apiClient.ts": {
    "path": "/Users/oleksiydzhos/Documents/personal/test-helper/lib/apiClient.ts",
    "statementMap": {
      "0": {
        "start": { "line": 1, "column": 0 },
        "end": { "line": 1, "column": null }
      },
      "1": {
        "start": { "line": 4, "column": 24 },
        "end": { "line": 14, "column": 1 }
      },
      "2": {
        "start": { "line": 6, "column": 4 },
        "end": { "line": 6, "column": null }
      },
      "3": {
        "start": { "line": 7, "column": 4 },
        "end": { "line": 7, "column": null }
      },
      "4": {
        "start": { "line": 9, "column": 4 },
        "end": { "line": 9, "column": null }
      },
      "5": {
        "start": { "line": 11, "column": 4 },
        "end": { "line": 11, "column": null }
      },
      "6": {
        "start": { "line": 13, "column": 2 },
        "end": { "line": 13, "column": null }
      },
      "7": {
        "start": { "line": 16, "column": 13 },
        "end": { "line": 88, "column": null }
      },
      "8": {
        "start": { "line": 17, "column": 71 },
        "end": { "line": 24, "column": null }
      },
      "9": {
        "start": { "line": 19, "column": 23 },
        "end": { "line": 19, "column": 91 }
      },
      "10": {
        "start": { "line": 20, "column": 6 },
        "end": { "line": 20, "column": null }
      },
      "11": {
        "start": { "line": 22, "column": 6 },
        "end": { "line": 22, "column": null }
      },
      "12": {
        "start": { "line": 26, "column": 70 },
        "end": { "line": 33, "column": null }
      },
      "13": {
        "start": { "line": 28, "column": 23 },
        "end": { "line": 28, "column": 86 }
      },
      "14": {
        "start": { "line": 29, "column": 6 },
        "end": { "line": 29, "column": null }
      },
      "15": {
        "start": { "line": 31, "column": 6 },
        "end": { "line": 31, "column": null }
      },
      "16": {
        "start": { "line": 35, "column": 99 },
        "end": { "line": 42, "column": null }
      },
      "17": {
        "start": { "line": 37, "column": 23 },
        "end": { "line": 37, "column": 99 }
      },
      "18": {
        "start": { "line": 38, "column": 6 },
        "end": { "line": 38, "column": null }
      },
      "19": {
        "start": { "line": 40, "column": 6 },
        "end": { "line": 40, "column": null }
      },
      "20": {
        "start": { "line": 44, "column": 66 },
        "end": { "line": 51, "column": null }
      },
      "21": {
        "start": { "line": 46, "column": 23 },
        "end": { "line": 46, "column": 96 }
      },
      "22": {
        "start": { "line": 47, "column": 6 },
        "end": { "line": 47, "column": null }
      },
      "23": {
        "start": { "line": 49, "column": 6 },
        "end": { "line": 49, "column": null }
      },
      "24": {
        "start": { "line": 53, "column": 68 },
        "end": { "line": 60, "column": null }
      },
      "25": {
        "start": { "line": 55, "column": 23 },
        "end": { "line": 55, "column": 85 }
      },
      "26": {
        "start": { "line": 56, "column": 6 },
        "end": { "line": 56, "column": null }
      },
      "27": {
        "start": { "line": 58, "column": 6 },
        "end": { "line": 58, "column": null }
      },
      "28": {
        "start": { "line": 62, "column": 70 },
        "end": { "line": 69, "column": null }
      },
      "29": {
        "start": { "line": 64, "column": 23 },
        "end": { "line": 64, "column": 90 }
      },
      "30": {
        "start": { "line": 65, "column": 6 },
        "end": { "line": 65, "column": null }
      },
      "31": {
        "start": { "line": 67, "column": 6 },
        "end": { "line": 67, "column": null }
      },
      "32": {
        "start": { "line": 71, "column": 60 },
        "end": { "line": 78, "column": null }
      },
      "33": {
        "start": { "line": 73, "column": 23 },
        "end": { "line": 73, "column": 68 }
      },
      "34": {
        "start": { "line": 74, "column": 6 },
        "end": { "line": 74, "column": null }
      },
      "35": {
        "start": { "line": 76, "column": 6 },
        "end": { "line": 76, "column": null }
      },
      "36": {
        "start": { "line": 80, "column": 45 },
        "end": { "line": 87, "column": null }
      },
      "37": {
        "start": { "line": 82, "column": 23 },
        "end": { "line": 82, "column": 80 }
      },
      "38": {
        "start": { "line": 83, "column": 6 },
        "end": { "line": 83, "column": null }
      },
      "39": {
        "start": { "line": 85, "column": 6 },
        "end": { "line": 85, "column": null }
      }
    },
    "fnMap": {
      "0": {
        "name": "(anonymous_8)",
        "decl": {
          "start": { "line": 4, "column": 24 },
          "end": { "line": 4, "column": 41 }
        },
        "loc": {
          "start": { "line": 4, "column": 45 },
          "end": { "line": 14, "column": 1 }
        }
      },
      "1": {
        "name": "(anonymous_9)",
        "decl": {
          "start": { "line": 17, "column": 16 },
          "end": { "line": 17, "column": 23 }
        },
        "loc": {
          "start": { "line": 17, "column": 71 },
          "end": { "line": 24, "column": null }
        }
      },
      "2": {
        "name": "(anonymous_10)",
        "decl": {
          "start": { "line": 17, "column": 71 },
          "end": { "line": 17, "column": null }
        },
        "loc": {
          "start": { "line": 17, "column": 71 },
          "end": { "line": 24, "column": 3 }
        }
      },
      "3": {
        "name": "(anonymous_11)",
        "decl": {
          "start": { "line": 26, "column": 18 },
          "end": { "line": 26, "column": 25 }
        },
        "loc": {
          "start": { "line": 26, "column": 70 },
          "end": { "line": 33, "column": null }
        }
      },
      "4": {
        "name": "(anonymous_12)",
        "decl": {
          "start": { "line": 26, "column": 70 },
          "end": { "line": 26, "column": null }
        },
        "loc": {
          "start": { "line": 26, "column": 70 },
          "end": { "line": 33, "column": 3 }
        }
      },
      "5": {
        "name": "(anonymous_13)",
        "decl": {
          "start": { "line": 35, "column": 18 },
          "end": { "line": 35, "column": 25 }
        },
        "loc": {
          "start": { "line": 35, "column": 99 },
          "end": { "line": 42, "column": null }
        }
      },
      "6": {
        "name": "(anonymous_14)",
        "decl": {
          "start": { "line": 35, "column": 99 },
          "end": { "line": 35, "column": null }
        },
        "loc": {
          "start": { "line": 35, "column": 99 },
          "end": { "line": 42, "column": 3 }
        }
      },
      "7": {
        "name": "(anonymous_15)",
        "decl": {
          "start": { "line": 44, "column": 18 },
          "end": { "line": 44, "column": 25 }
        },
        "loc": {
          "start": { "line": 44, "column": 66 },
          "end": { "line": 51, "column": null }
        }
      },
      "8": {
        "name": "(anonymous_16)",
        "decl": {
          "start": { "line": 44, "column": 66 },
          "end": { "line": 44, "column": null }
        },
        "loc": {
          "start": { "line": 44, "column": 66 },
          "end": { "line": 51, "column": 3 }
        }
      },
      "9": {
        "name": "(anonymous_17)",
        "decl": {
          "start": { "line": 53, "column": 17 },
          "end": { "line": 53, "column": 24 }
        },
        "loc": {
          "start": { "line": 53, "column": 68 },
          "end": { "line": 60, "column": null }
        }
      },
      "10": {
        "name": "(anonymous_18)",
        "decl": {
          "start": { "line": 53, "column": 68 },
          "end": { "line": 53, "column": null }
        },
        "loc": {
          "start": { "line": 53, "column": 68 },
          "end": { "line": 60, "column": 3 }
        }
      },
      "11": {
        "name": "(anonymous_19)",
        "decl": {
          "start": { "line": 62, "column": 15 },
          "end": { "line": 62, "column": 22 }
        },
        "loc": {
          "start": { "line": 62, "column": 70 },
          "end": { "line": 69, "column": null }
        }
      },
      "12": {
        "name": "(anonymous_20)",
        "decl": {
          "start": { "line": 62, "column": 70 },
          "end": { "line": 62, "column": null }
        },
        "loc": {
          "start": { "line": 62, "column": 70 },
          "end": { "line": 69, "column": 3 }
        }
      },
      "13": {
        "name": "(anonymous_21)",
        "decl": {
          "start": { "line": 71, "column": 21 },
          "end": { "line": 71, "column": 38 }
        },
        "loc": {
          "start": { "line": 71, "column": 60 },
          "end": { "line": 78, "column": null }
        }
      },
      "14": {
        "name": "(anonymous_22)",
        "decl": {
          "start": { "line": 71, "column": 60 },
          "end": { "line": 71, "column": null }
        },
        "loc": {
          "start": { "line": 71, "column": 60 },
          "end": { "line": 78, "column": 3 }
        }
      },
      "15": {
        "name": "(anonymous_23)",
        "decl": {
          "start": { "line": 80, "column": 24 },
          "end": { "line": 80, "column": 41 }
        },
        "loc": {
          "start": { "line": 80, "column": 45 },
          "end": { "line": 87, "column": null }
        }
      },
      "16": {
        "name": "(anonymous_24)",
        "decl": {
          "start": { "line": 80, "column": 45 },
          "end": { "line": 80, "column": null }
        },
        "loc": {
          "start": { "line": 80, "column": 45 },
          "end": { "line": 87, "column": 3 }
        }
      }
    },
    "branchMap": {},
    "s": {
      "0": 3,
      "1": 3,
      "2": 0,
      "3": 0,
      "4": 0,
      "5": 8,
      "6": 8,
      "7": 3,
      "8": 2,
      "9": 2,
      "10": 1,
      "11": 1,
      "12": 2,
      "13": 2,
      "14": 1,
      "15": 1,
      "16": 2,
      "17": 2,
      "18": 1,
      "19": 1,
      "20": 2,
      "21": 2,
      "22": 1,
      "23": 1,
      "24": 2,
      "25": 2,
      "26": 1,
      "27": 1,
      "28": 2,
      "29": 2,
      "30": 1,
      "31": 1,
      "32": 2,
      "33": 2,
      "34": 1,
      "35": 1,
      "36": 2,
      "37": 2,
      "38": 1,
      "39": 1
    },
    "f": {
      "0": 8,
      "1": 2,
      "2": 2,
      "3": 2,
      "4": 2,
      "5": 2,
      "6": 2,
      "7": 2,
      "8": 2,
      "9": 2,
      "10": 2,
      "11": 2,
      "12": 2,
      "13": 2,
      "14": 2,
      "15": 2,
      "16": 2
    },
    "b": {}
  },
  "/Users/oleksiydzhos/Documents/personal/test-helper/lib/apiErrorHandler.ts": {
    "path": "/Users/oleksiydzhos/Documents/personal/test-helper/lib/apiErrorHandler.ts",
    "statementMap": {
      "0": {
        "start": { "line": 2, "column": 0 },
        "end": { "line": 2, "column": null }
      },
      "1": {
        "start": { "line": 6, "column": 2 },
        "end": { "line": 6, "column": null }
      },
      "2": {
        "start": { "line": 5, "column": 0 },
        "end": { "line": 5, "column": 16 }
      }
    },
    "fnMap": {
      "0": {
        "name": "apiErrorHandler",
        "decl": {
          "start": { "line": 5, "column": 16 },
          "end": { "line": 5, "column": 31 }
        },
        "loc": {
          "start": { "line": 5, "column": 68 },
          "end": { "line": 9, "column": null }
        }
      }
    },
    "branchMap": {},
    "s": { "0": 1, "1": 4, "2": 1 },
    "f": { "0": 4 },
    "b": {}
  },
  "/Users/oleksiydzhos/Documents/personal/test-helper/lib/errors.ts": {
    "path": "/Users/oleksiydzhos/Documents/personal/test-helper/lib/errors.ts",
    "statementMap": {
      "0": {
        "start": { "line": 3, "column": 4 },
        "end": { "line": 3, "column": null }
      },
      "1": {
        "start": { "line": 4, "column": 4 },
        "end": { "line": 4, "column": null }
      },
      "2": {
        "start": { "line": 1, "column": 0 },
        "end": { "line": 1, "column": 13 }
      },
      "3": {
        "start": { "line": 10, "column": 4 },
        "end": { "line": 10, "column": null }
      },
      "4": {
        "start": { "line": 11, "column": 4 },
        "end": { "line": 11, "column": null }
      },
      "5": {
        "start": { "line": 8, "column": 0 },
        "end": { "line": 8, "column": 13 }
      },
      "6": {
        "start": { "line": 17, "column": 4 },
        "end": { "line": 17, "column": null }
      },
      "7": {
        "start": { "line": 18, "column": 4 },
        "end": { "line": 18, "column": null }
      },
      "8": {
        "start": { "line": 15, "column": 0 },
        "end": { "line": 15, "column": 13 }
      },
      "9": {
        "start": { "line": 24, "column": 4 },
        "end": { "line": 24, "column": null }
      },
      "10": {
        "start": { "line": 25, "column": 4 },
        "end": { "line": 25, "column": null }
      },
      "11": {
        "start": { "line": 22, "column": 0 },
        "end": { "line": 22, "column": 13 }
      },
      "12": {
        "start": { "line": 31, "column": 4 },
        "end": { "line": 31, "column": null }
      },
      "13": {
        "start": { "line": 32, "column": 4 },
        "end": { "line": 32, "column": null }
      },
      "14": {
        "start": { "line": 29, "column": 0 },
        "end": { "line": 29, "column": 13 }
      },
      "15": {
        "start": { "line": 38, "column": 4 },
        "end": { "line": 38, "column": null }
      },
      "16": {
        "start": { "line": 39, "column": 4 },
        "end": { "line": 39, "column": null }
      },
      "17": {
        "start": { "line": 36, "column": 0 },
        "end": { "line": 36, "column": 13 }
      },
      "18": {
        "start": { "line": 45, "column": 4 },
        "end": { "line": 45, "column": null }
      },
      "19": {
        "start": { "line": 46, "column": 4 },
        "end": { "line": 46, "column": null }
      },
      "20": {
        "start": { "line": 43, "column": 0 },
        "end": { "line": 43, "column": 13 }
      }
    },
    "fnMap": {
      "0": {
        "name": "(anonymous_0)",
        "decl": {
          "start": { "line": 2, "column": 2 },
          "end": { "line": 2, "column": 14 }
        },
        "loc": {
          "start": { "line": 2, "column": 29 },
          "end": { "line": 5, "column": null }
        }
      },
      "1": {
        "name": "(anonymous_1)",
        "decl": {
          "start": { "line": 9, "column": 2 },
          "end": { "line": 9, "column": 14 }
        },
        "loc": {
          "start": { "line": 9, "column": 29 },
          "end": { "line": 12, "column": null }
        }
      },
      "2": {
        "name": "(anonymous_2)",
        "decl": {
          "start": { "line": 16, "column": 2 },
          "end": { "line": 16, "column": 14 }
        },
        "loc": {
          "start": { "line": 16, "column": 29 },
          "end": { "line": 19, "column": null }
        }
      },
      "3": {
        "name": "(anonymous_3)",
        "decl": {
          "start": { "line": 23, "column": 2 },
          "end": { "line": 23, "column": 14 }
        },
        "loc": {
          "start": { "line": 23, "column": 29 },
          "end": { "line": 26, "column": null }
        }
      },
      "4": {
        "name": "(anonymous_4)",
        "decl": {
          "start": { "line": 30, "column": 2 },
          "end": { "line": 30, "column": 14 }
        },
        "loc": {
          "start": { "line": 30, "column": 29 },
          "end": { "line": 33, "column": null }
        }
      },
      "5": {
        "name": "(anonymous_5)",
        "decl": {
          "start": { "line": 37, "column": 2 },
          "end": { "line": 37, "column": 14 }
        },
        "loc": {
          "start": { "line": 37, "column": 29 },
          "end": { "line": 40, "column": null }
        }
      },
      "6": {
        "name": "(anonymous_6)",
        "decl": {
          "start": { "line": 44, "column": 2 },
          "end": { "line": 44, "column": 14 }
        },
        "loc": {
          "start": { "line": 44, "column": 29 },
          "end": { "line": 47, "column": null }
        }
      }
    },
    "branchMap": {},
    "s": {
      "0": 7,
      "1": 7,
      "2": 3,
      "3": 1,
      "4": 1,
      "5": 3,
      "6": 2,
      "7": 2,
      "8": 3,
      "9": 1,
      "10": 1,
      "11": 3,
      "12": 0,
      "13": 0,
      "14": 3,
      "15": 2,
      "16": 2,
      "17": 3,
      "18": 0,
      "19": 0,
      "20": 3
    },
    "f": { "0": 7, "1": 1, "2": 2, "3": 1, "4": 0, "5": 2, "6": 0 },
    "b": {}
  },
  "/Users/oleksiydzhos/Documents/personal/test-helper/lib/logger.ts": {
    "path": "/Users/oleksiydzhos/Documents/personal/test-helper/lib/logger.ts",
    "statementMap": {
      "0": {
        "start": { "line": 1, "column": 0 },
        "end": { "line": 1, "column": null }
      },
      "1": {
        "start": { "line": 4, "column": 15 },
        "end": { "line": 10, "column": null }
      },
      "2": {
        "start": { "line": 13, "column": 15 },
        "end": { "line": 19, "column": null }
      },
      "3": {
        "start": { "line": 22, "column": 0 },
        "end": { "line": 22, "column": null }
      },
      "4": {
        "start": { "line": 25, "column": 15 },
        "end": { "line": 30, "column": null }
      },
      "5": {
        "start": { "line": 29, "column": 14 },
        "end": { "line": 29, "column": 64 }
      },
      "6": {
        "start": { "line": 34, "column": 19 },
        "end": { "line": 40, "column": null }
      },
      "7": {
        "start": { "line": 44, "column": 15 },
        "end": { "line": 49, "column": 2 }
      },
      "8": {
        "start": { "line": 54, "column": 2 },
        "end": { "line": 56, "column": null }
      },
      "9": {
        "start": { "line": 59, "column": 0 },
        "end": { "line": 59, "column": null }
      }
    },
    "fnMap": {
      "0": {
        "name": "(anonymous_1)",
        "decl": {
          "start": { "line": 29, "column": 5 },
          "end": { "line": 29, "column": 9 }
        },
        "loc": {
          "start": { "line": 29, "column": 14 },
          "end": { "line": 29, "column": 64 }
        }
      }
    },
    "branchMap": {
      "0": {
        "loc": {
          "start": { "line": 45, "column": 9 },
          "end": { "line": 45, "column": 66 }
        },
        "type": "cond-expr",
        "locations": [
          {
            "start": { "line": 45, "column": 50 },
            "end": { "line": 45, "column": 57 }
          },
          {
            "start": { "line": 45, "column": 60 },
            "end": { "line": 45, "column": 66 }
          }
        ]
      }
    },
    "s": {
      "0": 1,
      "1": 1,
      "2": 1,
      "3": 1,
      "4": 1,
      "5": 4,
      "6": 1,
      "7": 1,
      "8": 1,
      "9": 1
    },
    "f": { "0": 4 },
    "b": { "0": [0, 1] }
  },
  "/Users/oleksiydzhos/Documents/personal/test-helper/middleware/authorize.ts": {
    "path": "/Users/oleksiydzhos/Documents/personal/test-helper/middleware/authorize.ts",
    "statementMap": {
      "0": {
        "start": { "line": 2, "column": 0 },
        "end": { "line": 2, "column": null }
      },
      "1": {
        "start": { "line": 6, "column": 2 },
        "end": { "line": 16, "column": null }
      },
      "2": {
        "start": { "line": 8, "column": 6 },
        "end": { "line": 8, "column": null }
      },
      "3": {
        "start": { "line": 12, "column": 6 },
        "end": { "line": 12, "column": null }
      },
      "4": {
        "start": { "line": 15, "column": 4 },
        "end": { "line": 15, "column": null }
      },
      "5": {
        "start": { "line": 5, "column": 0 },
        "end": { "line": 5, "column": 16 }
      }
    },
    "fnMap": {
      "0": {
        "name": "authorizeMiddleware",
        "decl": {
          "start": { "line": 5, "column": 16 },
          "end": { "line": 5, "column": 35 }
        },
        "loc": {
          "start": { "line": 5, "column": 58 },
          "end": { "line": 17, "column": null }
        }
      },
      "1": {
        "name": "(anonymous_1)",
        "decl": {
          "start": { "line": 6, "column": 9 },
          "end": { "line": 6, "column": 10 }
        },
        "loc": {
          "start": { "line": 6, "column": 79 },
          "end": { "line": 16, "column": 3 }
        }
      }
    },
    "branchMap": {},
    "s": { "0": 1, "1": 3, "2": 1, "3": 1, "4": 1, "5": 1 },
    "f": { "0": 3, "1": 3 },
    "b": {}
  },
  "/Users/oleksiydzhos/Documents/personal/test-helper/pages/create-test-run.tsx": {
    "path": "/Users/oleksiydzhos/Documents/personal/test-helper/pages/create-test-run.tsx",
    "statementMap": {
      "0": {
        "start": { "line": 3, "column": 36 },
        "end": { "line": 5, "column": 1 }
      },
      "1": {
        "start": { "line": 4, "column": 2 },
        "end": { "line": 4, "column": null }
      },
      "2": {
        "start": { "line": 7, "column": 0 },
        "end": { "line": 7, "column": null }
      }
    },
    "fnMap": {
      "0": {
        "name": "(anonymous_0)",
        "decl": {
          "start": { "line": 3, "column": 36 },
          "end": { "line": 3, "column": 41 }
        },
        "loc": {
          "start": { "line": 3, "column": 41 },
          "end": { "line": 5, "column": 1 }
        }
      }
    },
    "branchMap": {},
    "s": { "0": 1, "1": 1, "2": 1 },
    "f": { "0": 1 },
    "b": {}
  },
  "/Users/oleksiydzhos/Documents/personal/test-helper/utils/dateFormatter.ts": {
    "path": "/Users/oleksiydzhos/Documents/personal/test-helper/utils/dateFormatter.ts",
    "statementMap": {
      "0": {
        "start": { "line": 1, "column": 27 },
        "end": { "line": 7, "column": 1 }
      },
      "1": {
        "start": { "line": 2, "column": 2 },
        "end": { "line": 6, "column": null }
      },
      "2": {
        "start": { "line": 1, "column": 13 },
        "end": { "line": 1, "column": 27 }
      }
    },
    "fnMap": {
      "0": {
        "name": "(anonymous_0)",
        "decl": {
          "start": { "line": 1, "column": 27 },
          "end": { "line": 1, "column": 37 }
        },
        "loc": {
          "start": { "line": 1, "column": 49 },
          "end": { "line": 7, "column": 1 }
        }
      }
    },
    "branchMap": {},
    "s": { "0": 1, "1": 3, "2": 1 },
    "f": { "0": 3 },
    "b": {}
  },
  "/Users/oleksiydzhos/Documents/personal/test-helper/utils/logger.ts": {
    "path": "/Users/oleksiydzhos/Documents/personal/test-helper/utils/logger.ts",
    "statementMap": {
      "0": {
        "start": { "line": 2, "column": 2 },
        "end": { "line": 2, "column": null }
      },
      "1": {
        "start": { "line": 1, "column": 0 },
        "end": { "line": 1, "column": 16 }
      },
      "2": {
        "start": { "line": 6, "column": 2 },
        "end": { "line": 6, "column": null }
      },
      "3": {
        "start": { "line": 5, "column": 0 },
        "end": { "line": 5, "column": 16 }
      }
    },
    "fnMap": {
      "0": {
        "name": "logInfo",
        "decl": {
          "start": { "line": 1, "column": 16 },
          "end": { "line": 1, "column": 23 }
        },
        "loc": {
          "start": { "line": 1, "column": 58 },
          "end": { "line": 3, "column": null }
        }
      },
      "1": {
        "name": "logError",
        "decl": {
          "start": { "line": 5, "column": 16 },
          "end": { "line": 5, "column": 24 }
        },
        "loc": {
          "start": { "line": 5, "column": 59 },
          "end": { "line": 7, "column": null }
        }
      }
    },
    "branchMap": {},
    "s": { "0": 0, "1": 1, "2": 0, "3": 1 },
    "f": { "0": 0, "1": 0 },
    "b": {}
  }
}
