TN:
SF:components/TestCaseItem.tsx
FN:8,(anonymous_0)
FNF:1
FNH:1
FNDA:1,(anonymous_0)
DA:8,1
DA:9,1
LF:2
LH:2
BRF:0
BRH:0
end_of_record
TN:
SF:components/Toast.tsx
FN:9,Toast
FNF:1
FNH:1
FNDA:2,Toast
DA:9,1
DA:10,2
DA:12,2
LF:3
LH:3
BRDA:10,0,0,1
BRDA:10,0,1,1
BRDA:10,1,0,1
BRDA:10,1,1,0
BRF:4
BRH:3
end_of_record
TN:
SF:constants/errorMessages.ts
FNF:0
FNH:0
DA:1,1
LF:1
LH:1
BRF:0
BRH:0
end_of_record
TN:
SF:hooks/useApi.ts
FN:7,useApi
FN:12,(anonymous_8)
FN:12,(anonymous_9)
FN:32,(anonymous_10)
FNF:4
FNH:4
FNDA:4,useApi
FNDA:2,(anonymous_8)
FNDA:2,(anonymous_9)
FNDA:2,(anonymous_10)
DA:1,1
DA:7,1
DA:8,4
DA:9,4
DA:10,4
DA:12,4
DA:13,2
DA:14,2
DA:17,2
DA:19,0
DA:21,1
DA:22,1
DA:23,1
DA:25,1
DA:26,1
DA:28,2
DA:32,4
DA:34,4
LF:18
LH:17
BRDA:12,0,0,2
BRDA:25,1,0,1
BRDA:25,1,1,0
BRF:3
BRH:2
end_of_record
TN:
SF:hooks/useErrorHandler.ts
FN:3,(anonymous_0)
FN:6,(anonymous_1)
FNF:2
FNH:2
FNDA:2,(anonymous_0)
FNDA:2,(anonymous_1)
DA:1,1
DA:3,1
DA:4,2
DA:6,2
DA:7,2
DA:8,2
DA:10,2
DA:19,2
LF:8
LH:8
BRDA:7,0,0,2
BRDA:7,0,1,1
BRDA:8,1,0,0
BRDA:8,1,1,2
BRF:4
BRH:3
end_of_record
TN:
SF:hooks/useErrorToast.ts
FN:11,useErrorToast
FN:15,(anonymous_1)
FN:25,(anonymous_2)
FN:29,(anonymous_3)
FN:30,(anonymous_4)
FN:43,createToastComponents
FNF:6
FNH:3
FNDA:4,useErrorToast
FNDA:1,(anonymous_1)
FNDA:1,(anonymous_2)
FNDA:0,(anonymous_3)
FNDA:0,(anonymous_4)
FNDA:0,createToastComponents
DA:1,1
DA:11,1
DA:12,4
DA:13,4
DA:15,4
DA:17,0
DA:19,1
DA:21,0
DA:25,4
DA:26,1
DA:29,4
DA:30,4
DA:32,4
DA:43,1
DA:44,0
DA:45,0
DA:47,0
LF:17
LH:12
BRDA:25,0,0,0
BRDA:44,1,0,0
BRDA:44,1,1,0
BRDA:45,2,0,0
BRDA:45,2,1,0
BRF:5
BRH:0
end_of_record
TN:
SF:hooks/useLogger.ts
FN:3,useLogger
FN:5,(anonymous_1)
FN:6,(anonymous_2)
FNF:3
FNH:1
FNDA:1,useLogger
FNDA:0,(anonymous_1)
FNDA:0,(anonymous_2)
DA:1,1
DA:3,1
DA:4,1
DA:5,0
DA:6,0
LF:5
LH:3
BRF:0
BRH:0
end_of_record
TN:
SF:hooks/usePerformanceMonitor.ts
FN:3,(anonymous_0)
FN:6,(anonymous_1)
FNF:2
FNH:2
FNDA:1,(anonymous_0)
FNDA:1,(anonymous_1)
DA:1,1
DA:3,1
DA:4,1
DA:6,1
DA:7,1
DA:8,1
LF:6
LH:6
BRF:0
BRH:0
end_of_record
TN:
SF:hooks/useProject.ts
FN:5,(anonymous_0)
FN:8,(anonymous_1)
FNF:2
FNH:1
FNDA:8,(anonymous_0)
FNDA:0,(anonymous_1)
DA:1,1
DA:2,1
DA:5,1
DA:6,8
DA:8,0
LF:5
LH:4
BRF:0
BRH:0
end_of_record
TN:
SF:hooks/useTestSuites.ts
FN:5,(anonymous_0)
FN:8,(anonymous_1)
FNF:2
FNH:1
FNDA:8,(anonymous_0)
FNDA:0,(anonymous_1)
DA:1,1
DA:2,1
DA:5,1
DA:6,8
DA:8,0
LF:5
LH:4
BRF:0
BRH:0
end_of_record
TN:
SF:lib/apiClient.ts
FN:4,(anonymous_8)
FN:17,(anonymous_9)
FN:17,(anonymous_10)
FN:26,(anonymous_11)
FN:26,(anonymous_12)
FN:35,(anonymous_13)
FN:35,(anonymous_14)
FN:44,(anonymous_15)
FN:44,(anonymous_16)
FN:53,(anonymous_17)
FN:53,(anonymous_18)
FN:62,(anonymous_19)
FN:62,(anonymous_20)
FN:71,(anonymous_21)
FN:71,(anonymous_22)
FN:80,(anonymous_23)
FN:80,(anonymous_24)
FNF:17
FNH:17
FNDA:8,(anonymous_8)
FNDA:2,(anonymous_9)
FNDA:2,(anonymous_10)
FNDA:2,(anonymous_11)
FNDA:2,(anonymous_12)
FNDA:2,(anonymous_13)
FNDA:2,(anonymous_14)
FNDA:2,(anonymous_15)
FNDA:2,(anonymous_16)
FNDA:2,(anonymous_17)
FNDA:2,(anonymous_18)
FNDA:2,(anonymous_19)
FNDA:2,(anonymous_20)
FNDA:2,(anonymous_21)
FNDA:2,(anonymous_22)
FNDA:2,(anonymous_23)
FNDA:2,(anonymous_24)
DA:1,3
DA:4,3
DA:6,0
DA:7,0
DA:9,0
DA:11,8
DA:13,8
DA:16,3
DA:17,2
DA:19,2
DA:20,1
DA:22,1
DA:26,2
DA:28,2
DA:29,1
DA:31,1
DA:35,2
DA:37,2
DA:38,1
DA:40,1
DA:44,2
DA:46,2
DA:47,1
DA:49,1
DA:53,2
DA:55,2
DA:56,1
DA:58,1
DA:62,2
DA:64,2
DA:65,1
DA:67,1
DA:71,2
DA:73,2
DA:74,1
DA:76,1
DA:80,2
DA:82,2
DA:83,1
DA:85,1
LF:40
LH:37
BRF:0
BRH:0
end_of_record
TN:
SF:lib/apiErrorHandler.ts
FN:5,apiErrorHandler
FNF:1
FNH:1
FNDA:4,apiErrorHandler
DA:2,1
DA:5,1
DA:6,4
LF:3
LH:3
BRF:0
BRH:0
end_of_record
TN:
SF:lib/errors.ts
FN:2,(anonymous_0)
FN:9,(anonymous_1)
FN:16,(anonymous_2)
FN:23,(anonymous_3)
FN:30,(anonymous_4)
FN:37,(anonymous_5)
FN:44,(anonymous_6)
FNF:7
FNH:5
FNDA:7,(anonymous_0)
FNDA:1,(anonymous_1)
FNDA:2,(anonymous_2)
FNDA:1,(anonymous_3)
FNDA:0,(anonymous_4)
FNDA:2,(anonymous_5)
FNDA:0,(anonymous_6)
DA:1,3
DA:3,7
DA:4,7
DA:8,3
DA:10,1
DA:11,1
DA:15,3
DA:17,2
DA:18,2
DA:22,3
DA:24,1
DA:25,1
DA:29,3
DA:31,0
DA:32,0
DA:36,3
DA:38,2
DA:39,2
DA:43,3
DA:45,0
DA:46,0
LF:21
LH:17
BRF:0
BRH:0
end_of_record
TN:
SF:lib/logger.ts
FN:29,(anonymous_1)
FNF:1
FNH:1
FNDA:4,(anonymous_1)
DA:1,1
DA:4,1
DA:13,1
DA:22,1
DA:25,1
DA:29,4
DA:34,1
DA:44,1
DA:54,1
DA:59,1
LF:10
LH:10
BRDA:45,0,0,0
BRDA:45,0,1,1
BRF:2
BRH:1
end_of_record
TN:
SF:middleware/authorize.ts
FN:5,authorizeMiddleware
FN:6,(anonymous_1)
FNF:2
FNH:2
FNDA:3,authorizeMiddleware
FNDA:3,(anonymous_1)
DA:2,1
DA:5,1
DA:6,3
DA:8,1
DA:12,1
DA:15,1
LF:6
LH:6
BRF:0
BRH:0
end_of_record
TN:
SF:pages/create-test-run.tsx
FN:3,(anonymous_0)
FNF:1
FNH:1
FNDA:1,(anonymous_0)
DA:3,1
DA:4,1
DA:7,1
LF:3
LH:3
BRF:0
BRH:0
end_of_record
TN:
SF:utils/dateFormatter.ts
FN:1,(anonymous_0)
FNF:1
FNH:1
FNDA:3,(anonymous_0)
DA:1,1
DA:2,3
LF:2
LH:2
BRF:0
BRH:0
end_of_record
TN:
SF:utils/logger.ts
FN:1,logInfo
FN:5,logError
FNF:2
FNH:0
FNDA:0,logInfo
FNDA:0,logError
DA:1,1
DA:2,0
DA:5,1
DA:6,0
LF:4
LH:2
BRF:0
BRH:0
end_of_record
